A A A	T R IH P AH L EY
B B Q	B IY B IY K Y UW
C X C	S IY EH K S S IY
D E P	D AH P AA R T M AH N T
D F W	D IY EH F D AH B AH L Y UW
D W I	D IY D AH B AH L Y UW AY
E T C	EH T S EH T ER AH
F E B	F EH B Y AH W EH R IY
J R	JH UW N Y ER
K W H	K EY D AH B AH L Y UW EY CH
L T D	L IH M AH T AH D
M R	M IH S T ER
N O V	N OW V EH M B ER
Q	K Y UW
S E	S AW TH IY S T
S R	S IY N Y ER
S T	S T R IY T
V S	V ER S AH Z
W	D AH B AH L Y UW
W ' S	D AH B AH L Y UW Z
W .	D AH B AH L Y UW
W . S	D AH B AH L Y UW Z
W M	W IH L Y AH M
W S	D AH B AH L Y UW EH S
X	EH K S
